\BOOKMARK [0][-]{chapter.1}{Introduction}{}% 1
\BOOKMARK [1][-]{section.1.1}{Purpose}{chapter.1}% 2
\BOOKMARK [2][-]{subsection.1.1.1}{Goals}{section.1.1}% 3
\BOOKMARK [1][-]{section.1.2}{Scope}{chapter.1}% 4
\BOOKMARK [1][-]{section.1.3}{Definitions, Acronyms and Abbreviations}{chapter.1}% 5
\BOOKMARK [2][-]{subsection.1.3.1}{Definitions}{section.1.3}% 6
\BOOKMARK [2][-]{subsection.1.3.2}{Acronyms}{section.1.3}% 7
\BOOKMARK [2][-]{subsection.1.3.3}{Abbreviations}{section.1.3}% 8
\BOOKMARK [1][-]{section.1.4}{Reference Documents}{chapter.1}% 9
\BOOKMARK [1][-]{section.1.5}{Document Structure}{chapter.1}% 10
\BOOKMARK [0][-]{chapter.2}{Overall Description}{}% 11
\BOOKMARK [1][-]{section.2.1}{Product Perspective}{chapter.2}% 12
\BOOKMARK [2][-]{subsection.2.1.1}{Class Diagram}{section.2.1}% 13
\BOOKMARK [1][-]{section.2.2}{Product Functions}{chapter.2}% 14
\BOOKMARK [1][-]{section.2.3}{User Characteristics}{chapter.2}% 15
\BOOKMARK [1][-]{section.2.4}{Assumptions, Dependencies and Constraints}{chapter.2}% 16
\BOOKMARK [2][-]{subsection.2.4.1}{Assumptions}{section.2.4}% 17
\BOOKMARK [2][-]{subsection.2.4.2}{Dependencies}{section.2.4}% 18
\BOOKMARK [2][-]{subsection.2.4.3}{Constraints}{section.2.4}% 19
\BOOKMARK [0][-]{chapter.3}{Specific Requirements}{}% 20
\BOOKMARK [1][-]{section.3.1}{External Interface Requirement}{chapter.3}% 21
\BOOKMARK [2][-]{subsection.3.1.1}{User Interface}{section.3.1}% 22
\BOOKMARK [2][-]{subsection.3.1.2}{Hardware Interface}{section.3.1}% 23
\BOOKMARK [2][-]{subsection.3.1.3}{Software Interface}{section.3.1}% 24
\BOOKMARK [2][-]{subsection.3.1.4}{Communication Interface}{section.3.1}% 25
\BOOKMARK [1][-]{section.3.2}{Functional Requirements}{chapter.3}% 26
\BOOKMARK [2][-]{subsection.3.2.1}{Use Cases}{section.3.2}% 27
\BOOKMARK [2][-]{subsection.3.2.2}{Sequence Diagrams}{section.3.2}% 28
\BOOKMARK [2][-]{subsection.3.2.3}{Goals Mapping on Requirements and Assumptions}{section.3.2}% 29
\BOOKMARK [1][-]{section.3.3}{Performance Requirements}{chapter.3}% 30
\BOOKMARK [1][-]{section.3.4}{Design Constraint}{chapter.3}% 31
\BOOKMARK [2][-]{subsection.3.4.1}{Standards Compliance}{section.3.4}% 32
\BOOKMARK [2][-]{subsection.3.4.2}{Hardware Limitations}{section.3.4}% 33
\BOOKMARK [1][-]{section.3.5}{Software System Attributes}{chapter.3}% 34
\BOOKMARK [2][-]{subsection.3.5.1}{Reliability}{section.3.5}% 35
\BOOKMARK [2][-]{subsection.3.5.2}{Availability}{section.3.5}% 36
\BOOKMARK [2][-]{subsection.3.5.3}{Security}{section.3.5}% 37
\BOOKMARK [2][-]{subsection.3.5.4}{Maintainability}{section.3.5}% 38
\BOOKMARK [2][-]{subsection.3.5.5}{Portability}{section.3.5}% 39
\BOOKMARK [0][-]{chapter.4}{Formal Analysis Using Alloy}{}% 40
\BOOKMARK [1][-]{subsection.4.0.1}{Model Check}{chapter.4}% 41
\BOOKMARK [2][-]{subsection.4.0.2}{Generated World}{subsection.4.0.1}% 42
